14:38:17 **** Rebuild of configuration Debug for project LoadCell ****
Info: Internal Builder is used for build
icc430 "..\\test\\test_lowlevel.c" -o "test\\test_lowlevel.r43" -e -Ol --no_cse --no_unroll --no_inline --no_code_motion --no_tbaa --debug --segment __data16=DATA16 --segment __data20=DATA20 --hw_workaround=CPU40 --multiplier=32 --core=430X --code_model=large --data_model=small --double=32 --dlib_config "C:/Program Files (x86)/IAR Systems/Embedded Workbench 7.2/430/lib/dlib/dl430xlsfn.h" -D__MSP430FR5949__ 

   IAR C/C++ Compiler V6.30.2.940/W32 for MSP430
   Copyright 1996-2015 IAR Systems AB.
   Standalone license - IAR Embedded Workbench for Texas Instruments MSP430 6.30

  #include "unity.h"
                    ^
"C:\Users\Casari\version-control\PMEL\micro\MSP430FR5949\LoadCell\test\test_lowlevel.c",1  Fatal error[Pe1696]: 
          cannot open source file "unity.h"
            searched: "C:\Users\Casari\version-control\PMEL\micro\MSP430FR5949\
                      LoadCell\test\"
            searched: "C:\Program Files (x86)\IAR Systems\Embedded Workbench
                      7.2\430\inc\dlib\"
            searched: "C:\Program Files (x86)\IAR Systems\Embedded Workbench
                      7.2\430\inc\"
            searched: "C:\Program Files (x86)\IAR Systems\Embedded Workbench
                      7.2\430\inc\dlib\c\"
Fatal error detected, aborting.

Errors: 1
Warnings: none
